Start testing: Apr 07 17:17 CEST
----------------------------------------------------------
1/5 Testing: test_ownHeader
1/5 Test: test_ownHeader
Command: "/bin/sh" "/home/yoshi/gr-ownHeader/build/lib/test_ownHeader_test.sh"
Directory: /home/yoshi/gr-ownHeader/build/lib
"test_ownHeader" start time: Apr 07 17:17 CEST
Output:
----------------------------------------------------------


<end of output>
Test time =   0.07 sec
----------------------------------------------------------
Test Passed.
"test_ownHeader" end time: Apr 07 17:17 CEST
"test_ownHeader" time elapsed: 00:00:00
----------------------------------------------------------

2/5 Testing: qa_append_header_bb
2/5 Test: qa_append_header_bb
Command: "/bin/sh" "/home/yoshi/gr-ownHeader/build/python/qa_append_header_bb_test.sh"
Directory: /home/yoshi/gr-ownHeader/build/python
"qa_append_header_bb" start time: Apr 07 17:17 CEST
Output:
----------------------------------------------------------
.
----------------------------------------------------------------------
Ran 1 test in 0.002s

OK
<end of output>
Test time =   0.45 sec
----------------------------------------------------------
Test Passed.
"qa_append_header_bb" end time: Apr 07 17:17 CEST
"qa_append_header_bb" time elapsed: 00:00:00
----------------------------------------------------------

3/5 Testing: qa_generate_header_bb
3/5 Test: qa_generate_header_bb
Command: "/bin/sh" "/home/yoshi/gr-ownHeader/build/python/qa_generate_header_bb_test.sh"
Directory: /home/yoshi/gr-ownHeader/build/python
"qa_generate_header_bb" start time: Apr 07 17:17 CEST
Output:
----------------------------------------------------------
.
----------------------------------------------------------------------
Ran 1 test in 0.001s

OK
<end of output>
Test time =   0.44 sec
----------------------------------------------------------
Test Passed.
"qa_generate_header_bb" end time: Apr 07 17:17 CEST
"qa_generate_header_bb" time elapsed: 00:00:00
----------------------------------------------------------

4/5 Testing: qa_parse_header_bb
4/5 Test: qa_parse_header_bb
Command: "/bin/sh" "/home/yoshi/gr-ownHeader/build/python/qa_parse_header_bb_test.sh"
Directory: /home/yoshi/gr-ownHeader/build/python
"qa_parse_header_bb" start time: Apr 07 17:17 CEST
Output:
----------------------------------------------------------
.
----------------------------------------------------------------------
Ran 1 test in 0.001s

OK
<end of output>
Test time =   0.41 sec
----------------------------------------------------------
Test Passed.
"qa_parse_header_bb" end time: Apr 07 17:17 CEST
"qa_parse_header_bb" time elapsed: 00:00:00
----------------------------------------------------------

5/5 Testing: qa_send_to_multiplexer_b
5/5 Test: qa_send_to_multiplexer_b
Command: "/bin/sh" "/home/yoshi/gr-ownHeader/build/python/qa_send_to_multiplexer_b_test.sh"
Directory: /home/yoshi/gr-ownHeader/build/python
"qa_send_to_multiplexer_b" start time: Apr 07 17:17 CEST
Output:
----------------------------------------------------------
.
----------------------------------------------------------------------
Ran 1 test in 0.269s

OK
<end of output>
Test time =   0.94 sec
----------------------------------------------------------
Test Passed.
"qa_send_to_multiplexer_b" end time: Apr 07 17:17 CEST
"qa_send_to_multiplexer_b" time elapsed: 00:00:00
----------------------------------------------------------

End testing: Apr 07 17:17 CEST
